... logging to /root/.ros/log/1da7df42-3d4d-11f1-8c17-345a60078037/roslaunch-chani-MS-7D76-6983.log
Checking log directory for disk usage. This may take a while.
Press Ctrl-C to interrupt
Done checking log file disk usage. Usage is <1GB.
]2;roscore
[1mstarted roslaunch server http://localhost:41323/[0m
ros_comm version 1.17.4


SUMMARY
========

PARAMETERS
 * /rosdistro: noetic
 * /rosversion: 1.17.4

NODES

auto-starting new master
[1mprocess[master]: started with pid [6992][0m
[1mROS_MASTER_URI=http://localhost:11311/[0m
]2;roscore http://localhost:11311/
[1msetting /run_id to 1da7df42-3d4d-11f1-8c17-345a60078037[0m
[1mprocess[rosout-1]: started with pid [7002][0m
started core service [/rosout]
[rosout-1] killing on exit
[master] killing on exit
shutting down processing monitor...
... shutting down processing monitor complete
[1mdone[0m
