... logging to /root/.ros/log/d9dd1368-3d4c-11f1-98ce-345a60078037/roslaunch-chani-MS-7D76-6430.log
Checking log directory for disk usage. This may take a while.
Press Ctrl-C to interrupt
Done checking log file disk usage. Usage is <1GB.
]2;roscore
[1mstarted roslaunch server http://localhost:38773/[0m
ros_comm version 1.17.4


SUMMARY
========

PARAMETERS
 * /rosdistro: noetic
 * /rosversion: 1.17.4

NODES

auto-starting new master
[1mprocess[master]: started with pid [6439][0m
[1mROS_MASTER_URI=http://localhost:11311/[0m
]2;roscore http://localhost:11311/
[1msetting /run_id to d9dd1368-3d4c-11f1-98ce-345a60078037[0m
[1mprocess[rosout-1]: started with pid [6449][0m
started core service [/rosout]
[rosout-1] killing on exit
[master] killing on exit
shutting down processing monitor...
... shutting down processing monitor complete
[1mdone[0m
